<?xml version="1.0" encoding="UTF-8"?>
<!-- Generated by org.testng.reporters.JUnitXMLReporter -->
<testsuite ignored="0" hostname="DESKTOP-38VUNE4" failures="1" tests="4" name="Test" time="10.195" errors="0" timestamp="2025-05-21T09:22:43 PDT">
  <testcase classname="Tests.HomepageTest" name="tc001_verifyfindyourcourse" time="0.021"/>
  <testcase classname="Tests.HomepageTest" name="tc001_verifyregisternow" time="0.004"/>
  <testcase classname="Tests.HomepageTest" name="tc001_verifyspywynlogo" time="0.002"/>
  <testcase classname="Tests.ContactusTest" name="tc004_verifytestingcourse" time="10.023">
    <failure type="java.lang.IllegalStateException" message="The path to the driver executable The path to the driver executable must be set by the webdriver.chrome.driver system property; for more information, see https://chromedriver.chromium.org/. The latest version can be downloaded from https://chromedriver.chromium.org/downloads">
      <![CDATA[java.lang.IllegalStateException: The path to the driver executable The path to the driver executable must be set by the webdriver.chrome.driver system property; for more information, see https://chromedriver.chromium.org/. The latest version can be downloaded from https://chromedriver.chromium.org/downloads
at org.openqa.selenium.internal.Require$StateChecker.nonNull(Require.java:314)
at org.openqa.selenium.remote.service.DriverService.findExecutable(DriverService.java:149)
at org.openqa.selenium.chrome.ChromeDriverService.access$000(ChromeDriverService.java:42)
at org.openqa.selenium.chrome.ChromeDriverService$Builder.findDefaultExecutable(ChromeDriverService.java:315)
at org.openqa.selenium.remote.service.DriverService$Builder.build(DriverService.java:456)
at org.openqa.selenium.chrome.ChromeDriverService.createDefaultService(ChromeDriverService.java:147)
at org.openqa.selenium.chrome.ChromeDriver.<init>(ChromeDriver.java:50)
at Tests.ContactusTest.tc004_verifytestingcourse(ContactusTest.java:15)
at java.base/java.util.ArrayList.forEach(ArrayList.java:1596)
... Removed 29 stack frames]]>
    </failure>
  </testcase> <!-- tc004_verifytestingcourse -->
</testsuite> <!-- Test -->
